#
# A fatal error has been detected by the Java Runtime Environment:
#
#  SIGSEGV (0xb) at pc=0x0000000103a35251, pid=44104, tid=12035
#
# JRE version: Java(TM) SE Runtime Environment (7.0_55-b13) (build 1.7.0_55-b13)
# Java VM: Java HotSpot(TM) 64-Bit Server VM (24.55-b03 mixed mode bsd-amd64 compressed oops)
# Problematic frame:
# V  [libjvm.dylib+0x235251]
#
# Failed to write core dump. Core dumps have been disabled. To enable core dumping, try "ulimit -c unlimited" before starting Java again
#
# If you would like to submit a bug report, please visit:
#   http://bugreport.sun.com/bugreport/crash.jsp
#

---------------  T H R E A D  ---------------

Current thread (0x00007f80bd004800):  GCTaskThread [stack: 0x0000000107f03000,0x0000000108003000] [id=12035]

siginfo:si_signo=SIGSEGV: si_errno=0, si_code=1 (SEGV_MAPERR), si_addr=0x0000002af67f4d0f

Registers:
RAX=0x0000002af67f4c67, RBX=0xff13c2e000000000, RCX=0x0000000000000003, RDX=0x0000000000000001
RSP=0x0000000108002bd0, RBP=0x0000000108002bd0, RSI=0x00000007f89e16f8, RDI=0x00000007f2b51268
R8 =0x0000000000000010, R9 =0x0000000000000000, R10=0x0000000003e24101, R11=0xfffffffff8ed13e8
R12=0x000000010400ad98, R13=0x00000007f28baad9, R14=0x00007f80bbc2fb70, R15=0x00007f80bbc2fc10
RIP=0x0000000103a35251, EFLAGS=0x0000000000010246, ERR=0x0000000000000004
  TRAPNO=0x000000000000000e

Top of Stack: (sp=0x0000000108002bd0)
0x0000000108002bd0:   0000000108002c40 0000000103c562a5
0x0000000108002be0:   0000000000000000 00000007f89e16f8
0x0000000108002bf0:   00000007f28b8000 0000000000001000
0x0000000108002c00:   00000007c20bea39 0000000000000000
0x0000000108002c10:   000000000000003d 00000007f28baad9
0x0000000108002c20:   000000010400ad98 00000007f28baad9
0x0000000108002c30:   00000007f28baad8 00007f80bbc2fc10
0x0000000108002c40:   0000000108002c60 0000000103c566d1
0x0000000108002c50:   00007f80bbc2fb70 00007f80bbc2fbd8
0x0000000108002c60:   0000000108002cc0 0000000103c556e1
0x0000000108002c70:   00000007b0a57a50 00000007b0a57a50
0x0000000108002c80:   00000007f28baad9 00000007b0a57a50
0x0000000108002c90:   00007f80bbc2fb70 00000007c20bec08
0x0000000108002ca0:   00000001074a65f6 00000007c20bec00
0x0000000108002cb0:   00000001074a6601 0000000000000240
0x0000000108002cc0:   0000000108002d80 000000010396c8f6
0x0000000108002cd0:   000000000000b500 0000000000000400
0x0000000108002ce0:   fffffffef8b45e85 0000000000000180
0x0000000108002cf0:   00000001074ba179 0000000103696180
0x0000000108002d00:   00000001074ba17a 0000000003e10400
0x0000000108002d10:   fffffffef8b599ff 0000000003e2417a
0x0000000108002d20:   00000001074a6600 00000001074a6581
0x0000000108002d30:   00000007c482f298 00000007c20c00d0
0x0000000108002d40:   00007f80bbc27740 00007f80bbc2fb70
0x0000000108002d50:   00007f80bbc274b0 00007f80bbd08180
0x0000000108002d60:   0000000000000000 0000000103d75233
0x0000000108002d70:   00007f80bbc2fb70 0000000000000001
0x0000000108002d80:   0000000108002db0 0000000103c58bdb
0x0000000108002d90:   0000000000000008 00007f80bbc2acd0
0x0000000108002da0:   00007f80bd004800 00007f80bbd08180
0x0000000108002db0:   0000000108002e90 0000000103a69aa7
0x0000000108002dc0:   0000000108002df0 00007f80bbd065b0 

Instructions: (pc=0x0000000103a35251)
0x0000000103a35231:   00 48 01 c1 48 ba ff ff ff ff 07 00 00 00 48 01
0x0000000103a35241:   ca 48 f7 d8 48 21 d0 48 c1 e8 03 5d c3 48 8b 07
0x0000000103a35251:   48 8b 80 a8 00 00 00 5d ff e0 90 55 48 89 e5 48
0x0000000103a35261:   8d 05 b9 5a 51 00 48 83 c0 10 48 89 07 5d c3 55 

Register to memory mapping:

RAX=0x0000002af67f4c67 is an unknown value
RBX=0xff13c2e000000000 is an unknown value
RCX=0x0000000000000003 is an unknown value
RDX=0x0000000000000001 is an unknown value
RSP=0x0000000108002bd0 is an unknown value
RBP=0x0000000108002bd0 is an unknown value
RSI=0x00000007f89e16f8 is an unknown value
RDI=0x00000007f2b51268 is an oop
[C 
 - klass: {type array char}
 - length: 18
R8 =0x0000000000000010 is an unknown value
R9 =0x0000000000000000 is an unknown value
R10=0x0000000003e24101 is an unknown value
R11=0xfffffffff8ed13e8 is an unknown value
R12=0x000000010400ad98: _ZN2os16_processor_countE+0 in /Library/Java/JavaVirtualMachines/jdk1.7.0_55.jdk/Contents/Home/jre/lib/server/libjvm.dylib at 0x0000000103800000
R13=0x00000007f28baad9 is an unknown value
R14=0x00007f80bbc2fb70 is an unknown value
R15=0x00007f80bbc2fc10 is an unknown value


Stack: [0x0000000107f03000,0x0000000108003000],  sp=0x0000000108002bd0,  free space=1022k
Native frames: (J=compiled Java code, j=interpreted, Vv=VM code, C=native code)
V  [libjvm.dylib+0x235251]
V  [libjvm.dylib+0x4562a5]
V  [libjvm.dylib+0x4566d1]
V  [libjvm.dylib+0x4556e1]
V  [libjvm.dylib+0x16c8f6]
V  [libjvm.dylib+0x458bdb]
V  [libjvm.dylib+0x269aa7]
V  [libjvm.dylib+0x41b14e]
C  [libsystem_pthread.dylib+0x3268]  _pthread_body+0x83
C  [libsystem_pthread.dylib+0x31e5]  _pthread_body+0x0
C  [libsystem_pthread.dylib+0x141d]  thread_start+0xd


---------------  P R O C E S S  ---------------

Java Threads: ( => current thread )
  0x00007f80c0e12800 JavaThread "Stdin handler" [_thread_blocked, id=41255, stack(0x000000010f7b6000,0x000000010f8b6000)]
  0x00007f80c1dc1800 JavaThread "Cancel handler" [_thread_blocked, id=38171, stack(0x000000010f5b0000,0x000000010f6b0000)]
  0x00007f80c1931000 JavaThread "Handler for socket connection from /127.0.0.1:63899 to /127.0.0.1:55226" [_thread_in_native, id=37139, stack(0x000000010f4ad000,0x000000010f5ad000)]
  0x00007f80bf10d000 JavaThread "process reaper" daemon [_thread_blocked, id=32019, stack(0x0000000113f45000,0x0000000113f6d000)]
  0x00007f80bfa0c000 JavaThread "process reaper" daemon [_thread_blocked, id=61203, stack(0x0000000113f1a000,0x0000000113f42000)]
  0x00007f80bf9d5800 JavaThread "process reaper" daemon [_thread_blocked, id=36875, stack(0x00000001132cb000,0x00000001132f3000)]
  0x00007f80c1d8b800 JavaThread "process reaper" daemon [_thread_blocked, id=40211, stack(0x000000011309a000,0x00000001130c2000)]
  0x00007f80c1d8b000 JavaThread "process reaper" daemon [_thread_blocked, id=22559, stack(0x0000000112e69000,0x0000000112e91000)]
  0x00007f80bc126800 JavaThread "process reaper" daemon [_thread_blocked, id=27679, stack(0x0000000112c38000,0x0000000112c60000)]
  0x00007f80c1d8a000 JavaThread "process reaper" daemon [_thread_blocked, id=44827, stack(0x0000000112c0d000,0x0000000112c35000)]
  0x00007f80bed2e000 JavaThread "process reaper" daemon [_thread_blocked, id=53771, stack(0x0000000112be2000,0x0000000112c0a000)]
  0x00007f80c0007800 JavaThread "process reaper" daemon [_thread_blocked, id=65555, stack(0x000000010ffd4000,0x000000010fffc000)]
  0x00007f80c0019800 JavaThread "process reaper" daemon [_thread_blocked, id=54811, stack(0x000000010fe37000,0x000000010fe5f000)]
  0x00007f80bf9d4800 JavaThread "process reaper" daemon [_thread_blocked, id=57611, stack(0x000000010fe0c000,0x000000010fe34000)]
  0x00007f80bc8f2800 JavaThread "process reaper" daemon [_thread_blocked, id=35091, stack(0x000000010fd8d000,0x000000010fdb5000)]
  0x00007f80bf10a000 JavaThread "process reaper" daemon [_thread_blocked, id=60179, stack(0x000000010fd62000,0x000000010fd8a000)]
  0x00007f80c0a23800 JavaThread "process reaper" daemon [_thread_blocked, id=40723, stack(0x000000010fd37000,0x000000010fd5f000)]
  0x00007f80c0a23000 JavaThread "process reaper" daemon [_thread_blocked, id=52499, stack(0x000000010fbf6000,0x000000010fc1e000)]
  0x00007f80bf108800 JavaThread "process reaper" daemon [_thread_blocked, id=44051, stack(0x000000010fbcb000,0x000000010fbf3000)]
  0x00007f80bf9d2800 JavaThread "process reaper" daemon [_thread_blocked, id=66327, stack(0x000000010fad3000,0x000000010fafb000)]
  0x00007f80bf814000 JavaThread "process reaper" daemon [_thread_blocked, id=39959, stack(0x000000010fa17000,0x000000010fa3f000)]
  0x00007f80c159f000 JavaThread "process reaper" daemon [_thread_blocked, id=30491, stack(0x000000010f9ec000,0x000000010fa14000)]
  0x00007f80c1e9a000 JavaThread "process reaper" daemon [_thread_blocked, id=27939, stack(0x000000010f9c1000,0x000000010f9e9000)]
  0x00007f80be618000 JavaThread "Daemon worker Thread 4" [_thread_blocked, id=23835, stack(0x000000010f6b3000,0x000000010f7b3000)]
  0x00007f80c1106800 JavaThread "Daemon Thread 4" [_thread_blocked, id=21263, stack(0x000000010f3aa000,0x000000010f4aa000)]
  0x00007f80bc368000 JavaThread "File lock request listener" [_thread_in_native, id=24323, stack(0x000000010f186000,0x000000010f286000)]
  0x00007f80bd0e7000 JavaThread "Incoming local TCP Connector on port 63899" [_thread_in_native, id=20739, stack(0x000000010f2a7000,0x000000010f3a7000)]
  0x00007f80bc01a000 JavaThread "Service Thread" daemon [_thread_blocked, id=19715, stack(0x000000010e8e3000,0x000000010e9e3000)]
  0x00007f80be036800 JavaThread "C2 CompilerThread1" daemon [_thread_blocked, id=19203, stack(0x000000010e7e0000,0x000000010e8e0000)]
  0x00007f80bd036000 JavaThread "C2 CompilerThread0" daemon [_thread_blocked, id=18691, stack(0x000000010e6dd000,0x000000010e7dd000)]
  0x00007f80be02f000 JavaThread "Signal Dispatcher" daemon [_thread_blocked, id=15383, stack(0x000000010e5da000,0x000000010e6da000)]
  0x00007f80bd030000 JavaThread "Finalizer" daemon [_thread_blocked, id=13571, stack(0x000000010cbc3000,0x000000010ccc3000)]
  0x00007f80bd02d000 JavaThread "Reference Handler" daemon [_thread_blocked, id=13059, stack(0x000000010cac0000,0x000000010cbc0000)]
  0x00007f80bc00e000 JavaThread "main" [_thread_blocked, id=4867, stack(0x0000000104254000,0x0000000104354000)]

Other Threads:
  0x00007f80bc01f800 VMThread [stack: 0x000000010c9bd000,0x000000010cabd000] [id=12547]
  0x00007f80bc024000 WatcherThread [stack: 0x000000010e9e6000,0x000000010eae6000] [id=20227]

=>0x00007f80bd004800 (exited) GCTaskThread [stack: 0x0000000107f03000,0x0000000108003000] [id=12035]

VM state:at safepoint (normal execution)

VM Mutex/Monitor currently owned by a thread:  ([mutex/lock_event])
[0x00007f80bbc20a30] Threads_lock - owner thread: 0x00007f80bc01f800
[0x00007f80bbc20f30] Heap_lock - owner thread: 0x00007f80be618000

Heap
 PSYoungGen      total 233472K, used 218251K [0x00000007eaa80000, 0x0000000800000000, 0x0000000800000000)
  eden space 117248K, 100% used [0x00000007eaa80000,0x00000007f1d00000,0x00000007f1d00000)
  from space 116224K, 86% used [0x00000007f8e80000,0x00000007ff122ee8,0x0000000800000000)
  to   space 116224K, 45% used [0x00000007f1d00000,0x00000007f50eed20,0x00000007f8e80000)
 ParOldGen       total 157696K, used 73916K [0x00000007c0000000, 0x00000007c9a00000, 0x00000007eaa80000)
  object space 157696K, 46% used [0x00000007c0000000,0x00000007c482f298,0x00000007c9a00000)
 PSPermGen       total 118784K, used 67513K [0x00000007b0000000, 0x00000007b7400000, 0x00000007c0000000)
  object space 118784K, 56% used [0x00000007b0000000,0x00000007b41ee720,0x00000007b7400000)

Card table byte_map: [0x0000000107416000,0x0000000107697000] byte_map_base: 0x0000000103696000

Polling page: 0x0000000102743000

Code Cache  [0x0000000104356000, 0x0000000105236000, 0x0000000107356000)
 total_blobs=4843 nmethods=4142 adapters=653 free_code_cache=34269Kb largest_free_block=34757440

Compilation events (10 events):
Event: 8626.282 Thread 0x00007f80be036800 nmethod 4743 0x0000000104a40150 code [0x0000000104a40420, 0x0000000104a40b48]
Event: 8626.288 Thread 0x00007f80bd036000 nmethod 4742 0x0000000104a3dc90 code [0x0000000104a3e020, 0x0000000104a3ef68]
Event: 8627.592 Thread 0x00007f80be036800 4744             com.android.ide.common.packaging.PackagingUtils::checkFileForPackaging (166 bytes)
Event: 8627.595 Thread 0x00007f80be036800 nmethod 4744 0x0000000104fced50 code [0x0000000104fcef80, 0x0000000104fcf358]
Event: 8628.016 Thread 0x00007f80bd036000 4745             java.util.zip.ZipOutputStream::writeCEN (442 bytes)
Event: 8628.023 Thread 0x00007f80bd036000 nmethod 4745 0x0000000104fcfa90 code [0x0000000104fcfd60, 0x0000000104fd0548]
Event: 8628.068 Thread 0x00007f80be036800 4746             org.gradle.internal.reflect.JavaMethod::findMethod (146 bytes)
Event: 8628.072 Thread 0x00007f80be036800 nmethod 4746 0x0000000104a3b550 code [0x0000000104a3b700, 0x0000000104a3bc30]
Event: 8628.169 Thread 0x00007f80bd036000 4747             org.apache.commons.collections.map.AbstractHashedMap::clear (40 bytes)
Event: 8628.171 Thread 0x00007f80bd036000 nmethod 4747 0x0000000104a3c050 code [0x0000000104a3c1a0, 0x0000000104a3c2d8]

GC Heap History (10 events):
Event: 8598.790 GC heap after
Heap after GC invocations=37 (full 5):
 PSYoungGen      total 246272K, used 41882K [0x00000007eaa80000, 0x00000007ff700000, 0x0000000800000000)
  eden space 163328K, 0% used [0x00000007eaa80000,0x00000007eaa80000,0x00000007f4a00000)
  from space 82944K, 50% used [0x00000007fa600000,0x00000007fcee69c0,0x00000007ff700000)
  to   space 88576K, 0% used [0x00000007f4a00000,0x00000007f4a00000,0x00000007fa080000)
 ParOldGen       total 157696K, used 55634K [0x00000007c0000000, 0x00000007c9a00000, 0x00000007eaa80000)
  object space 157696K, 35% used [0x00000007c0000000,0x00000007c36548a8,0x00000007c9a00000)
 PSPermGen       total 118784K, used 67227K [0x00000007b0000000, 0x00000007b7400000, 0x00000007c0000000)
  object space 118784K, 56% used [0x00000007b0000000,0x00000007b41a6cf0,0x00000007b7400000)
}
Event: 8602.343 GC heap before
{Heap before GC invocations=38 (full 5):
 PSYoungGen      total 246272K, used 205210K [0x00000007eaa80000, 0x00000007ff700000, 0x0000000800000000)
  eden space 163328K, 100% used [0x00000007eaa80000,0x00000007f4a00000,0x00000007f4a00000)
  from space 82944K, 50% used [0x00000007fa600000,0x00000007fcee69c0,0x00000007ff700000)
  to   space 88576K, 0% used [0x00000007f4a00000,0x00000007f4a00000,0x00000007fa080000)
 ParOldGen       total 157696K, used 55634K [0x00000007c0000000, 0x00000007c9a00000, 0x00000007eaa80000)
  object space 157696K, 35% used [0x00000007c0000000,0x00000007c36548a8,0x00000007c9a00000)
 PSPermGen       total 118784K, used 67378K [0x00000007b0000000, 0x00000007b7400000, 0x00000007c0000000)
  object space 118784K, 56% used [0x00000007b0000000,0x00000007b41cca38,0x00000007b7400000)
Event: 8602.362 GC heap after
Heap after GC invocations=38 (full 5):
 PSYoungGen      total 251904K, used 46141K [0x00000007eaa80000, 0x0000000800000000, 0x0000000800000000)
  eden space 163328K, 0% used [0x00000007eaa80000,0x00000007eaa80000,0x00000007f4a00000)
  from space 88576K, 52% used [0x00000007f4a00000,0x00000007f770f688,0x00000007fa080000)
  to   space 86528K, 0% used [0x00000007fab80000,0x00000007fab80000,0x0000000800000000)
 ParOldGen       total 157696K, used 55634K [0x00000007c0000000, 0x00000007c9a00000, 0x00000007eaa80000)
  object space 157696K, 35% used [0x00000007c0000000,0x00000007c36548a8,0x00000007c9a00000)
 PSPermGen       total 118784K, used 67378K [0x00000007b0000000, 0x00000007b7400000, 0x00000007c0000000)
  object space 118784K, 56% used [0x00000007b0000000,0x00000007b41cca38,0x00000007b7400000)
}
Event: 8602.764 GC heap before
{Heap before GC invocations=39 (full 5):
 PSYoungGen      total 251904K, used 209469K [0x00000007eaa80000, 0x0000000800000000, 0x0000000800000000)
  eden space 163328K, 100% used [0x00000007eaa80000,0x00000007f4a00000,0x00000007f4a00000)
  from space 88576K, 52% used [0x00000007f4a00000,0x00000007f770f688,0x00000007fa080000)
  to   space 86528K, 0% used [0x00000007fab80000,0x00000007fab80000,0x0000000800000000)
 ParOldGen       total 157696K, used 55634K [0x00000007c0000000, 0x00000007c9a00000, 0x00000007eaa80000)
  object space 157696K, 35% used [0x00000007c0000000,0x00000007c36548a8,0x00000007c9a00000)
 PSPermGen       total 118784K, used 67385K [0x00000007b0000000, 0x00000007b7400000, 0x00000007c0000000)
  object space 118784K, 56% used [0x00000007b0000000,0x00000007b41ce438,0x00000007b7400000)
Event: 8602.828 GC heap after
Heap after GC invocations=39 (full 5):
 PSYoungGen      total 224256K, used 86501K [0x00000007eaa80000, 0x0000000800000000, 0x0000000800000000)
  eden space 137728K, 0% used [0x00000007eaa80000,0x00000007eaa80000,0x00000007f3100000)
  from space 86528K, 99% used [0x00000007fab80000,0x00000007ffff9430,0x0000000800000000)
  to   space 105984K, 0% used [0x00000007f3100000,0x00000007f3100000,0x00000007f9880000)
 ParOldGen       total 157696K, used 73916K [0x00000007c0000000, 0x00000007c9a00000, 0x00000007eaa80000)
  object space 157696K, 46% used [0x00000007c0000000,0x00000007c482f298,0x00000007c9a00000)
 PSPermGen       total 118784K, used 67385K [0x00000007b0000000, 0x00000007b7400000, 0x00000007c0000000)
  object space 118784K, 56% used [0x00000007b0000000,0x00000007b41ce438,0x00000007b7400000)
}
Event: 8602.995 GC heap before
{Heap before GC invocations=40 (full 5):
 PSYoungGen      total 224256K, used 224229K [0x00000007eaa80000, 0x0000000800000000, 0x0000000800000000)
  eden space 137728K, 100% used [0x00000007eaa80000,0x00000007f3100000,0x00000007f3100000)
  from space 86528K, 99% used [0x00000007fab80000,0x00000007ffff9430,0x0000000800000000)
  to   space 105984K, 0% used [0x00000007f3100000,0x00000007f3100000,0x00000007f9880000)
 ParOldGen       total 157696K, used 73916K [0x00000007c0000000, 0x00000007c9a00000, 0x00000007eaa80000)
  object space 157696K, 46% used [0x00000007c0000000,0x00000007c482f298,0x00000007c9a00000)
 PSPermGen       total 118784K, used 67385K [0x00000007b0000000, 0x00000007b7400000, 0x00000007c0000000)
  object space 118784K, 56% used [0x00000007b0000000,0x00000007b41ce458,0x00000007b7400000)
Event: 8603.030 GC heap after
Heap after GC invocations=40 (full 5):
 PSYoungGen      total 231424K, used 93545K [0x00000007eaa80000, 0x0000000800000000, 0x0000000800000000)
  eden space 137728K, 0% used [0x00000007eaa80000,0x00000007eaa80000,0x00000007f3100000)
  from space 93696K, 99% used [0x00000007f3100000,0x00000007f8c5a530,0x00000007f8c80000)
  to   space 116224K, 0% used [0x00000007f8e80000,0x00000007f8e80000,0x0000000800000000)
 ParOldGen       total 157696K, used 73916K [0x00000007c0000000, 0x00000007c9a00000, 0x00000007eaa80000)
  object space 157696K, 46% used [0x00000007c0000000,0x00000007c482f298,0x00000007c9a00000)
 PSPermGen       total 118784K, used 67385K [0x00000007b0000000, 0x00000007b7400000, 0x00000007c0000000)
  object space 118784K, 56% used [0x00000007b0000000,0x00000007b41ce458,0x00000007b7400000)
}
Event: 8603.476 GC heap before
{Heap before GC invocations=41 (full 5):
 PSYoungGen      total 231424K, used 231273K [0x00000007eaa80000, 0x0000000800000000, 0x0000000800000000)
  eden space 137728K, 100% used [0x00000007eaa80000,0x00000007f3100000,0x00000007f3100000)
  from space 93696K, 99% used [0x00000007f3100000,0x00000007f8c5a530,0x00000007f8c80000)
  to   space 116224K, 0% used [0x00000007f8e80000,0x00000007f8e80000,0x0000000800000000)
 ParOldGen       total 157696K, used 73916K [0x00000007c0000000, 0x00000007c9a00000, 0x00000007eaa80000)
  object space 157696K, 46% used [0x00000007c0000000,0x00000007c482f298,0x00000007c9a00000)
 PSPermGen       total 118784K, used 67388K [0x00000007b0000000, 0x00000007b7400000, 0x00000007c0000000)
  object space 118784K, 56% used [0x00000007b0000000,0x00000007b41cf308,0x00000007b7400000)
Event: 8603.520 GC heap after
Heap after GC invocations=41 (full 5):
 PSYoungGen      total 233472K, used 101003K [0x00000007eaa80000, 0x0000000800000000, 0x0000000800000000)
  eden space 117248K, 0% used [0x00000007eaa80000,0x00000007eaa80000,0x00000007f1d00000)
  from space 116224K, 86% used [0x00000007f8e80000,0x00000007ff122ee8,0x0000000800000000)
  to   space 116224K, 0% used [0x00000007f1d00000,0x00000007f1d00000,0x00000007f8e80000)
 ParOldGen       total 157696K, used 73916K [0x00000007c0000000, 0x00000007c9a00000, 0x00000007eaa80000)
  object space 157696K, 46% used [0x00000007c0000000,0x00000007c482f298,0x00000007c9a00000)
 PSPermGen       total 118784K, used 67388K [0x00000007b0000000, 0x00000007b7400000, 0x00000007c0000000)
  object space 118784K, 56% used [0x00000007b0000000,0x00000007b41cf308,0x00000007b7400000)
}
Event: 8648.743 GC heap before
{Heap before GC invocations=42 (full 5):
 PSYoungGen      total 233472K, used 218251K [0x00000007eaa80000, 0x0000000800000000, 0x0000000800000000)
  eden space 117248K, 100% used [0x00000007eaa80000,0x00000007f1d00000,0x00000007f1d00000)
  from space 116224K, 86% used [0x00000007f8e80000,0x00000007ff122ee8,0x0000000800000000)
  to   space 116224K, 0% used [0x00000007f1d00000,0x00000007f1d00000,0x00000007f8e80000)
 ParOldGen       total 157696K, used 73916K [0x00000007c0000000, 0x00000007c9a00000, 0x00000007eaa80000)
  object space 157696K, 46% used [0x00000007c0000000,0x00000007c482f298,0x00000007c9a00000)
 PSPermGen       total 118784K, used 67513K [0x00000007b0000000, 0x00000007b7400000, 0x00000007c0000000)
  object space 118784K, 56% used [0x00000007b0000000,0x00000007b41ee720,0x00000007b7400000)

Deoptimization events (10 events):
Event: 8599.470 Thread 0x00007f80be618000 Uncommon trap: reason=bimorphic action=maybe_recompile pc=0x000000010492a124 method=com.sun.tools.javac.code.Types$6.visitClassType(Lcom/sun/tools/javac/code/Type$ClassType;Lcom/sun/tools/javac/code/Type;)Ljava/lang/Boolean; @ 296
Event: 8599.591 Thread 0x00007f80be618000 Uncommon trap: reason=class_check action=maybe_recompile pc=0x0000000105035f84 method=com.sun.tools.javac.comp.Lower.needsProtectedAccess(Lcom/sun/tools/javac/code/Symbol;Lcom/sun/tools/javac/tree/JCTree;)Z @ 80
Event: 8599.592 Thread 0x00007f80be618000 Uncommon trap: reason=class_check action=maybe_recompile pc=0x00000001050071c0 method=com.sun.tools.javac.comp.Lower.needsProtectedAccess(Lcom/sun/tools/javac/code/Symbol;Lcom/sun/tools/javac/tree/JCTree;)Z @ 80
Event: 8599.597 Thread 0x00007f80be618000 Uncommon trap: reason=unreached action=reinterpret pc=0x00000001051a5fac method=com.sun.tools.javac.comp.Attr.checkId(Lcom/sun/tools/javac/tree/JCTree;Lcom/sun/tools/javac/code/Type;Lcom/sun/tools/javac/code/Symbol;Lcom/sun/tools/javac/comp/Env;ILcom/sun/
Event: 8603.049 Thread 0x00007f80be618000 Uncommon trap: reason=class_check action=maybe_recompile pc=0x0000000104f3bd2c method=proguard.classfile.ProgramClass.hierarchyAccept(ZZZZLproguard/classfile/visitor/ClassVisitor;)V @ 103
Event: 8605.830 Thread 0x00007f80be618000 Uncommon trap: reason=class_check action=maybe_recompile pc=0x0000000104ed29b4 method=org.gradle.api.internal.changedetection.state.DefaultFileCollectionSnapshotter$FileCollectionSnapshotImpl$2.next(Lorg/gradle/util/ChangeListener;)Z @ 136
Event: 8648.641 Thread 0x00007f80be618000 Uncommon trap: reason=array_check action=maybe_recompile pc=0x000000010513c90c method=java.util.TimSort.mergeLo(IIII)V @ 77
Event: 8648.641 Thread 0x00007f80be618000 Uncommon trap: reason=array_check action=maybe_recompile pc=0x000000010513c90c method=java.util.TimSort.mergeLo(IIII)V @ 77
Event: 8648.656 Thread 0x00007f80be618000 Uncommon trap: reason=array_check action=maybe_recompile pc=0x000000010513c90c method=java.util.TimSort.mergeLo(IIII)V @ 77
Event: 8648.656 Thread 0x00007f80be618000 Uncommon trap: reason=array_check action=maybe_recompile pc=0x000000010513c90c method=java.util.TimSort.mergeLo(IIII)V @ 77

Internal exceptions (10 events):
Event: 8648.680 Thread 0x00007f80be618000 Threw 0x00000007f10afe88 at /HUDSON/workspace/7u-2-build-macosx-x86_64/jdk7u55/869/hotspot/src/share/vm/prims/jvm.cpp:1244
Event: 8648.681 Thread 0x00007f80be618000 Threw 0x00000007f10eda10 at /HUDSON/workspace/7u-2-build-macosx-x86_64/jdk7u55/869/hotspot/src/share/vm/prims/jvm.cpp:1244
Event: 8648.681 Thread 0x00007f80be618000 Threw 0x00000007f10ee670 at /HUDSON/workspace/7u-2-build-macosx-x86_64/jdk7u55/869/hotspot/src/share/vm/prims/jvm.cpp:1244
Event: 8648.681 Thread 0x00007f80be618000 Threw 0x00000007f10f55d8 at /HUDSON/workspace/7u-2-build-macosx-x86_64/jdk7u55/869/hotspot/src/share/vm/prims/jvm.cpp:1244
Event: 8648.681 Thread 0x00007f80be618000 Threw 0x00000007f10fa170 at /HUDSON/workspace/7u-2-build-macosx-x86_64/jdk7u55/869/hotspot/src/share/vm/prims/jvm.cpp:1244
Event: 8648.681 Thread 0x00007f80be618000 Threw 0x00000007f10fae68 at /HUDSON/workspace/7u-2-build-macosx-x86_64/jdk7u55/869/hotspot/src/share/vm/prims/jvm.cpp:1244
Event: 8648.682 Thread 0x00007f80be618000 Threw 0x00000007f1102840 at /HUDSON/workspace/7u-2-build-macosx-x86_64/jdk7u55/869/hotspot/src/share/vm/prims/jvm.cpp:1244
Event: 8648.682 Thread 0x00007f80be618000 Threw 0x00000007f1105d70 at /HUDSON/workspace/7u-2-build-macosx-x86_64/jdk7u55/869/hotspot/src/share/vm/prims/jvm.cpp:1244
Event: 8648.682 Thread 0x00007f80be618000 Threw 0x00000007f1106a68 at /HUDSON/workspace/7u-2-build-macosx-x86_64/jdk7u55/869/hotspot/src/share/vm/prims/jvm.cpp:1244
Event: 8648.682 Thread 0x00007f80be618000 Threw 0x00000007f110e440 at /HUDSON/workspace/7u-2-build-macosx-x86_64/jdk7u55/869/hotspot/src/share/vm/prims/jvm.cpp:1244

Events (10 events):
Event: 8648.668 loading class 0x00007f80bbd183c0 done
Event: 8648.679 loading class 0x00007f80c220b370
Event: 8648.679 loading class 0x00007f80c220b370 done
Event: 8648.681 loading class 0x00007f80c220b3c0
Event: 8648.681 loading class 0x00007f80c220b3c0 done
Event: 8648.681 loading class 0x00007f80c220b460
Event: 8648.681 loading class 0x00007f80c220b460 done
Event: 8648.682 loading class 0x00007f80c2205bc0
Event: 8648.682 loading class 0x00007f80c2205bc0 done
Event: 8648.743 Executing VM operation: ParallelGCFailedAllocation


Dynamic libraries:
0x00000000078a2000 	/System/Library/Frameworks/Cocoa.framework/Versions/A/Cocoa
0x00000000078a2000 	/System/Library/Frameworks/Security.framework/Versions/A/Security
0x00000000078a2000 	/System/Library/Frameworks/ApplicationServices.framework/Versions/A/ApplicationServices
0x00000000078a2000 	/usr/lib/libz.1.dylib
0x00000000078a2000 	/usr/lib/libSystem.B.dylib
0x00000000078a2000 	/usr/lib/libobjc.A.dylib
0x00000000078a2000 	/System/Library/Frameworks/CoreFoundation.framework/Versions/A/CoreFoundation
0x00000000078a2000 	/System/Library/Frameworks/Foundation.framework/Versions/C/Foundation
0x00000000078a2000 	/System/Library/Frameworks/AppKit.framework/Versions/C/AppKit
0x00000000078a2000 	/System/Library/Frameworks/CoreData.framework/Versions/A/CoreData
0x00000000078a2000 	/System/Library/PrivateFrameworks/RemoteViewServices.framework/Versions/A/RemoteViewServices
0x00000000078a2000 	/System/Library/PrivateFrameworks/UIFoundation.framework/Versions/A/UIFoundation
0x00000000078a2000 	/System/Library/Frameworks/IOSurface.framework/Versions/A/IOSurface
0x00000000078a2000 	/System/Library/Frameworks/AudioToolbox.framework/Versions/A/AudioToolbox
0x00000000078a2000 	/System/Library/Frameworks/AudioUnit.framework/Versions/A/AudioUnit
0x00000000078a2000 	/System/Library/PrivateFrameworks/DataDetectorsCore.framework/Versions/A/DataDetectorsCore
0x00000000078a2000 	/System/Library/PrivateFrameworks/DesktopServicesPriv.framework/Versions/A/DesktopServicesPriv
0x00000000078a2000 	/System/Library/Frameworks/Carbon.framework/Versions/A/Frameworks/HIToolbox.framework/Versions/A/HIToolbox
0x00000000078a2000 	/System/Library/Frameworks/QuartzCore.framework/Versions/A/QuartzCore
0x00000000078a2000 	/System/Library/Frameworks/Carbon.framework/Versions/A/Frameworks/SpeechRecognition.framework/Versions/A/SpeechRecognition
0x00000000078a2000 	/usr/lib/libauto.dylib
0x00000000078a2000 	/usr/lib/libicucore.A.dylib
0x00000000078a2000 	/usr/lib/libxml2.2.dylib
0x00000000078a2000 	/System/Library/PrivateFrameworks/CoreUI.framework/Versions/A/CoreUI
0x00000000078a2000 	/System/Library/Frameworks/CoreAudio.framework/Versions/A/CoreAudio
0x00000000078a2000 	/System/Library/Frameworks/DiskArbitration.framework/Versions/A/DiskArbitration
0x00000000078a2000 	/usr/lib/liblangid.dylib
0x00000000078a2000 	/System/Library/PrivateFrameworks/MultitouchSupport.framework/Versions/A/MultitouchSupport
0x00000000078a2000 	/System/Library/Frameworks/IOKit.framework/Versions/A/IOKit
0x00000000078a2000 	/usr/lib/libDiagnosticMessagesClient.dylib
0x00000000078a2000 	/System/Library/Frameworks/CoreServices.framework/Versions/A/CoreServices
0x00000000078a2000 	/System/Library/PrivateFrameworks/PerformanceAnalysis.framework/Versions/A/PerformanceAnalysis
0x00000000078a2000 	/System/Library/PrivateFrameworks/GenerationalStorage.framework/Versions/A/GenerationalStorage
0x00000000078a2000 	/System/Library/Frameworks/OpenGL.framework/Versions/A/OpenGL
0x00000000078a2000 	/System/Library/PrivateFrameworks/Sharing.framework/Versions/A/Sharing
0x00000000078a2000 	/System/Library/Frameworks/CoreGraphics.framework/Versions/A/CoreGraphics
0x00000000078a2000 	/System/Library/Frameworks/CoreText.framework/Versions/A/CoreText
0x00000000078a2000 	/System/Library/Frameworks/ImageIO.framework/Versions/A/ImageIO
0x00000000078a2000 	/usr/lib/libextension.dylib
0x00000000078a2000 	/System/Library/PrivateFrameworks/Backup.framework/Versions/A/Backup
0x00000000078a2000 	/usr/lib/libarchive.2.dylib
0x00000000078a2000 	/System/Library/Frameworks/CFNetwork.framework/Versions/A/CFNetwork
0x00000000078a2000 	/System/Library/Frameworks/SystemConfiguration.framework/Versions/A/SystemConfiguration
0x00000000078a2000 	/usr/lib/libCRFSuite.dylib
0x00000000078a2000 	/usr/lib/libc++.1.dylib
0x00000000078a2000 	/usr/lib/libc++abi.dylib
0x00000000078a2000 	/usr/lib/system/libcache.dylib
0x00000000078a2000 	/usr/lib/system/libcommonCrypto.dylib
0x00000000078a2000 	/usr/lib/system/libcompiler_rt.dylib
0x00000000078a2000 	/usr/lib/system/libcopyfile.dylib
0x00000000078a2000 	/usr/lib/system/libcorecrypto.dylib
0x00000000078a2000 	/usr/lib/system/libdispatch.dylib
0x00000000078a2000 	/usr/lib/system/libdyld.dylib
0x00000000078a2000 	/usr/lib/system/libkeymgr.dylib
0x00000000078a2000 	/usr/lib/system/liblaunch.dylib
0x00000000078a2000 	/usr/lib/system/libmacho.dylib
0x00000000078a2000 	/usr/lib/system/libquarantine.dylib
0x00000000078a2000 	/usr/lib/system/libremovefile.dylib
0x00000000078a2000 	/usr/lib/system/libsystem_asl.dylib
0x00000000078a2000 	/usr/lib/system/libsystem_blocks.dylib
0x00000000078a2000 	/usr/lib/system/libsystem_c.dylib
0x00000000078a2000 	/usr/lib/system/libsystem_configuration.dylib
0x00000000078a2000 	/usr/lib/system/libsystem_coreservices.dylib
0x00000000078a2000 	/usr/lib/system/libsystem_coretls.dylib
0x00000000078a2000 	/usr/lib/system/libsystem_dnssd.dylib
0x00000000078a2000 	/usr/lib/system/libsystem_info.dylib
0x00000000078a2000 	/usr/lib/system/libsystem_kernel.dylib
0x00000000078a2000 	/usr/lib/system/libsystem_m.dylib
0x00000000078a2000 	/usr/lib/system/libsystem_malloc.dylib
0x00000000078a2000 	/usr/lib/system/libsystem_network.dylib
0x00000000078a2000 	/usr/lib/system/libsystem_networkextension.dylib
0x00000000078a2000 	/usr/lib/system/libsystem_notify.dylib
0x00000000078a2000 	/usr/lib/system/libsystem_platform.dylib
0x00000000078a2000 	/usr/lib/system/libsystem_pthread.dylib
0x00000000078a2000 	/usr/lib/system/libsystem_sandbox.dylib
0x00000000078a2000 	/usr/lib/system/libsystem_secinit.dylib
0x00000000078a2000 	/usr/lib/system/libsystem_stats.dylib
0x00000000078a2000 	/usr/lib/system/libsystem_trace.dylib
0x00000000078a2000 	/usr/lib/system/libunc.dylib
0x00000000078a2000 	/usr/lib/system/libunwind.dylib
0x00000000078a2000 	/usr/lib/system/libxpc.dylib
0x00000000078a2000 	/usr/lib/libbz2.1.0.dylib
0x00000000078a2000 	/usr/lib/liblzma.5.dylib
0x00000000078a2000 	/usr/lib/libbsm.0.dylib
0x00000000078a2000 	/usr/lib/libsqlite3.dylib
0x00000000078a2000 	/usr/lib/system/libkxld.dylib
0x00000000078a2000 	/usr/lib/libxar.1.dylib
0x00000000078a2000 	/usr/lib/libpam.2.dylib
0x00000000078a2000 	/usr/lib/libOpenScriptingUtil.dylib
0x00000000078a2000 	/System/Library/Frameworks/CoreServices.framework/Versions/A/Frameworks/FSEvents.framework/Versions/A/FSEvents
0x00000000078a2000 	/System/Library/Frameworks/CoreServices.framework/Versions/A/Frameworks/CarbonCore.framework/Versions/A/CarbonCore
0x00000000078a2000 	/System/Library/Frameworks/CoreServices.framework/Versions/A/Frameworks/Metadata.framework/Versions/A/Metadata
0x00000000078a2000 	/System/Library/Frameworks/CoreServices.framework/Versions/A/Frameworks/OSServices.framework/Versions/A/OSServices
0x00000000078a2000 	/System/Library/Frameworks/CoreServices.framework/Versions/A/Frameworks/SearchKit.framework/Versions/A/SearchKit
0x00000000078a2000 	/System/Library/Frameworks/CoreServices.framework/Versions/A/Frameworks/AE.framework/Versions/A/AE
0x00000000078a2000 	/System/Library/Frameworks/CoreServices.framework/Versions/A/Frameworks/LaunchServices.framework/Versions/A/LaunchServices
0x00000000078a2000 	/System/Library/Frameworks/CoreServices.framework/Versions/A/Frameworks/DictionaryServices.framework/Versions/A/DictionaryServices
0x00000000078a2000 	/System/Library/Frameworks/NetFS.framework/Versions/A/NetFS
0x00000000078a2000 	/System/Library/PrivateFrameworks/NetAuth.framework/Versions/A/NetAuth
0x00000000078a2000 	/System/Library/PrivateFrameworks/login.framework/Versions/A/Frameworks/loginsupport.framework/Versions/A/loginsupport
0x00000000078a2000 	/System/Library/PrivateFrameworks/TCC.framework/Versions/A/TCC
0x00000000078a2000 	/usr/lib/libmecabra.dylib
0x00000000078a2000 	/System/Library/Frameworks/ApplicationServices.framework/Versions/A/Frameworks/ATS.framework/Versions/A/ATS
0x00000000078a2000 	/System/Library/Frameworks/ApplicationServices.framework/Versions/A/Frameworks/ColorSync.framework/Versions/A/ColorSync
0x00000000078a2000 	/System/Library/Frameworks/ApplicationServices.framework/Versions/A/Frameworks/HIServices.framework/Versions/A/HIServices
0x00000000078a2000 	/System/Library/Frameworks/ApplicationServices.framework/Versions/A/Frameworks/LangAnalysis.framework/Versions/A/LangAnalysis
0x00000000078a2000 	/System/Library/Frameworks/ApplicationServices.framework/Versions/A/Frameworks/PrintCore.framework/Versions/A/PrintCore
0x00000000078a2000 	/System/Library/Frameworks/ApplicationServices.framework/Versions/A/Frameworks/QD.framework/Versions/A/QD
0x00000000078a2000 	/System/Library/Frameworks/ApplicationServices.framework/Versions/A/Frameworks/SpeechSynthesis.framework/Versions/A/SpeechSynthesis
0x00000000078a2000 	/System/Library/Frameworks/Accelerate.framework/Versions/A/Accelerate
0x00000000078a2000 	/System/Library/Frameworks/Accelerate.framework/Versions/A/Frameworks/vImage.framework/Versions/A/vImage
0x00000000078a2000 	/System/Library/Frameworks/Accelerate.framework/Versions/A/Frameworks/vecLib.framework/Versions/A/vecLib
0x00000000078a2000 	/System/Library/Frameworks/Accelerate.framework/Versions/A/Frameworks/vecLib.framework/Versions/A/libvDSP.dylib
0x00000000078a2000 	/System/Library/Frameworks/Accelerate.framework/Versions/A/Frameworks/vecLib.framework/Versions/A/libvMisc.dylib
0x00000000078a2000 	/System/Library/Frameworks/Accelerate.framework/Versions/A/Frameworks/vecLib.framework/Versions/A/libLAPACK.dylib
0x00000000078a2000 	/System/Library/Frameworks/Accelerate.framework/Versions/A/Frameworks/vecLib.framework/Versions/A/libBLAS.dylib
0x00000000078a2000 	/System/Library/Frameworks/Accelerate.framework/Versions/A/Frameworks/vecLib.framework/Versions/A/libLinearAlgebra.dylib
0x00000000078a2000 	/System/Library/Frameworks/ApplicationServices.framework/Versions/A/Frameworks/ATS.framework/Versions/A/Resources/libFontParser.dylib
0x00000000078a2000 	/System/Library/Frameworks/ApplicationServices.framework/Versions/A/Frameworks/ATS.framework/Versions/A/Resources/libFontRegistry.dylib
0x00000000078a2000 	/System/Library/PrivateFrameworks/AppleVPA.framework/Versions/A/AppleVPA
0x00000000078a2000 	/System/Library/PrivateFrameworks/AppleJPEG.framework/Versions/A/AppleJPEG
0x00000000078a2000 	/System/Library/Frameworks/ImageIO.framework/Versions/A/Resources/libJPEG.dylib
0x00000000078a2000 	/System/Library/Frameworks/ImageIO.framework/Versions/A/Resources/libTIFF.dylib
0x00000000078a2000 	/System/Library/Frameworks/ImageIO.framework/Versions/A/Resources/libPng.dylib
0x00000000078a2000 	/System/Library/Frameworks/ImageIO.framework/Versions/A/Resources/libGIF.dylib
0x00000000078a2000 	/System/Library/Frameworks/ImageIO.framework/Versions/A/Resources/libJP2.dylib
0x00000000078a2000 	/System/Library/Frameworks/ImageIO.framework/Versions/A/Resources/libRadiance.dylib
0x00000000078a2000 	/System/Library/Frameworks/CoreVideo.framework/Versions/A/CoreVideo
0x00000000078a2000 	/System/Library/Frameworks/OpenGL.framework/Versions/A/Libraries/libGLU.dylib
0x00000000078a2000 	/System/Library/Frameworks/OpenGL.framework/Versions/A/Libraries/libGFXShared.dylib
0x00000000078a2000 	/System/Library/Frameworks/OpenGL.framework/Versions/A/Libraries/libGL.dylib
0x00000000078a2000 	/System/Library/Frameworks/OpenGL.framework/Versions/A/Libraries/libGLImage.dylib
0x00000000078a2000 	/System/Library/Frameworks/OpenGL.framework/Versions/A/Libraries/libCVMSPluginSupport.dylib
0x00000000078a2000 	/System/Library/Frameworks/OpenGL.framework/Versions/A/Libraries/libCoreVMClient.dylib
0x00000000078a2000 	/usr/lib/libcups.2.dylib
0x00000000078a2000 	/System/Library/Frameworks/Kerberos.framework/Versions/A/Kerberos
0x00000000078a2000 	/System/Library/Frameworks/GSS.framework/Versions/A/GSS
0x00000000078a2000 	/usr/lib/libresolv.9.dylib
0x00000000078a2000 	/usr/lib/libiconv.2.dylib
0x00000000078a2000 	/System/Library/PrivateFrameworks/Heimdal.framework/Versions/A/Heimdal
0x00000000078a2000 	/usr/lib/libheimdal-asn1.dylib
0x00000000078a2000 	/System/Library/Frameworks/OpenDirectory.framework/Versions/A/OpenDirectory
0x00000000078a2000 	/System/Library/PrivateFrameworks/CommonAuth.framework/Versions/A/CommonAuth
0x00000000078a2000 	/System/Library/Frameworks/OpenDirectory.framework/Versions/A/Frameworks/CFOpenDirectory.framework/Versions/A/CFOpenDirectory
0x00000000078a2000 	/System/Library/Frameworks/SecurityFoundation.framework/Versions/A/SecurityFoundation
0x00000000078a2000 	/System/Library/PrivateFrameworks/LanguageModeling.framework/Versions/A/LanguageModeling
0x00000000078a2000 	/usr/lib/libcmph.dylib
0x00000000078a2000 	/System/Library/Frameworks/ServiceManagement.framework/Versions/A/ServiceManagement
0x00000000078a2000 	/usr/lib/libxslt.1.dylib
0x00000000078a2000 	/System/Library/Frameworks/Carbon.framework/Versions/A/Frameworks/Ink.framework/Versions/A/Ink
0x00000000078a2000 	/System/Library/Frameworks/QuartzCore.framework/Versions/A/Frameworks/CoreImage.framework/Versions/A/CoreImage
0x00000000078a2000 	/System/Library/PrivateFrameworks/CrashReporterSupport.framework/Versions/A/CrashReporterSupport
0x00000000078a2000 	/System/Library/Frameworks/OpenCL.framework/Versions/A/OpenCL
0x00000000078a2000 	/System/Library/PrivateFrameworks/FaceCore.framework/Versions/A/FaceCore
0x00000000078a2000 	/System/Library/PrivateFrameworks/Ubiquity.framework/Versions/A/Ubiquity
0x00000000078a2000 	/System/Library/PrivateFrameworks/IconServices.framework/Versions/A/IconServices
0x00000000078a2000 	/System/Library/PrivateFrameworks/ChunkingLibrary.framework/Versions/A/ChunkingLibrary
0x00000000078a2000 	/System/Library/PrivateFrameworks/Apple80211.framework/Versions/A/Apple80211
0x00000000078a2000 	/System/Library/Frameworks/CoreWLAN.framework/Versions/A/CoreWLAN
0x00000000078a2000 	/System/Library/Frameworks/IOBluetooth.framework/Versions/A/IOBluetooth
0x00000000078a2000 	/System/Library/PrivateFrameworks/CoreWiFi.framework/Versions/A/CoreWiFi
0x00000000078a2000 	/System/Library/Frameworks/CoreBluetooth.framework/Versions/A/CoreBluetooth
0x00000000078a2000 	/System/Library/PrivateFrameworks/DebugSymbols.framework/Versions/A/DebugSymbols
0x00000000078a2000 	/System/Library/PrivateFrameworks/CoreSymbolication.framework/Versions/A/CoreSymbolication
0x00000000078a2000 	/System/Library/PrivateFrameworks/Symbolication.framework/Versions/A/Symbolication
0x00000000078a2000 	/System/Library/PrivateFrameworks/SpeechRecognitionCore.framework/Versions/A/SpeechRecognitionCore
0x0000000103800000 	/Library/Java/JavaVirtualMachines/jdk1.7.0_55.jdk/Contents/Home/jre/lib/server/libjvm.dylib
0x00000000078a2000 	/usr/lib/libstdc++.6.dylib
0x0000000102706000 	/Library/Java/JavaVirtualMachines/jdk1.7.0_55.jdk/Contents/Home/jre/lib/libverify.dylib
0x0000000102713000 	/Library/Java/JavaVirtualMachines/jdk1.7.0_55.jdk/Contents/Home/jre/lib/libjava.dylib
0x000000010274d000 	/Library/Java/JavaVirtualMachines/jdk1.7.0_55.jdk/Contents/Home/jre/lib/libzip.dylib
0x000000010ccc5000 	/System/Library/Frameworks/JavaVM.framework/Frameworks/JavaRuntimeSupport.framework/JavaRuntimeSupport
0x000000010ccdb000 	/System/Library/Frameworks/JavaVM.framework/Versions/A/Frameworks/JavaNativeFoundation.framework/Versions/A/JavaNativeFoundation
0x00000001027f0000 	/System/Library/Frameworks/JavaVM.framework/Versions/A/JavaVM
0x00000000078a2000 	/System/Library/Frameworks/Carbon.framework/Versions/A/Carbon
0x000000010ccef000 	/System/Library/PrivateFrameworks/JavaLaunching.framework/Versions/A/JavaLaunching
0x00000000078a2000 	/System/Library/Frameworks/Carbon.framework/Versions/A/Frameworks/CommonPanels.framework/Versions/A/CommonPanels
0x00000000078a2000 	/System/Library/Frameworks/Carbon.framework/Versions/A/Frameworks/Help.framework/Versions/A/Help
0x00000000078a2000 	/System/Library/Frameworks/Carbon.framework/Versions/A/Frameworks/ImageCapture.framework/Versions/A/ImageCapture
0x00000000078a2000 	/System/Library/Frameworks/Carbon.framework/Versions/A/Frameworks/OpenScripting.framework/Versions/A/OpenScripting
0x00000000078a2000 	/System/Library/Frameworks/Carbon.framework/Versions/A/Frameworks/Print.framework/Versions/A/Print
0x00000000078a2000 	/System/Library/Frameworks/Carbon.framework/Versions/A/Frameworks/SecurityHI.framework/Versions/A/SecurityHI
0x000000010ecc3000 	/Library/Java/JavaVirtualMachines/jdk1.7.0_55.jdk/Contents/Home/jre/lib/libnet.dylib
0x000000010ed20000 	/Library/Java/JavaVirtualMachines/jdk1.7.0_55.jdk/Contents/Home/jre/lib/libnio.dylib
0x000000010ed2f000 	/Users/sic/.gradle/native/19/osx-amd64/libnative-platform.dylib
0x000000010f164000 	/Library/Java/JavaVirtualMachines/jdk1.7.0_55.jdk/Contents/Home/jre/lib/libmanagement.dylib
0x000000010f998000 	/Library/Java/JavaVirtualMachines/jdk1.7.0_55.jdk/Contents/Home/jre/lib/libsunec.dylib

VM Arguments:
jvm_args: -XX:MaxPermSize=256m -XX:+HeapDumpOnOutOfMemoryError -Xmx1024m -Dfile.encoding=UTF-8 -Duser.country=US -Duser.language=en -Duser.variant 
java_command: org.gradle.launcher.daemon.bootstrap.GradleDaemon 2.4 /Users/sic/.gradle /Users/sic/.gradle/daemon 10800000 75b6de5c-2794-4f88-b46a-9e459d3ed72c -XX:MaxPermSize=256m -XX:+HeapDumpOnOutOfMemoryError -Xmx1024m -Dfile.encoding=UTF-8 -Duser.country=US -Duser.language=en -Duser.variant
Launcher Type: SUN_STANDARD

Environment Variables:
PATH=/usr/bin:/bin:/usr/sbin:/sbin
SHELL=/bin/bash
DISPLAY=/private/tmp/com.apple.launchd.6Wds97dUWu/org.macosforge.xquartz:0

Signal Handlers:
SIGSEGV: [libjvm.dylib+0x5253e5], sa_mask[0]=0xfffefeff, sa_flags=0x00000043
SIGBUS: [libjvm.dylib+0x5253e5], sa_mask[0]=0xfffefeff, sa_flags=0x00000042
SIGFPE: [libjvm.dylib+0x4188a2], sa_mask[0]=0xfffefeff, sa_flags=0x00000042
SIGPIPE: [libjvm.dylib+0x4188a2], sa_mask[0]=0xfffefeff, sa_flags=0x00000042
SIGXFSZ: [libjvm.dylib+0x4188a2], sa_mask[0]=0xfffefeff, sa_flags=0x00000042
SIGILL: [libjvm.dylib+0x4188a2], sa_mask[0]=0xfffefeff, sa_flags=0x00000042
SIGUSR1: SIG_DFL, sa_mask[0]=0x00000000, sa_flags=0x00000000
SIGUSR2: [libjvm.dylib+0x418394], sa_mask[0]=0x00000004, sa_flags=0x00000042
SIGHUP: [libjvm.dylib+0x416623], sa_mask[0]=0xfffefeff, sa_flags=0x00000042
SIGINT: [libjvm.dylib+0x416623], sa_mask[0]=0xfffefeff, sa_flags=0x00000042
SIGTERM: [libjvm.dylib+0x416623], sa_mask[0]=0xfffefeff, sa_flags=0x00000042
SIGQUIT: [libjvm.dylib+0x416623], sa_mask[0]=0xfffefeff, sa_flags=0x00000042


---------------  S Y S T E M  ---------------

OS:Bsduname:Darwin 14.4.0 Darwin Kernel Version 14.4.0: Thu May 28 11:35:04 PDT 2015; root:xnu-2782.30.5~1/RELEASE_X86_64 x86_64
rlimit: STACK 8192k, CORE 0k, NPROC 709, NOFILE 10240, AS infinity
load average:4.12 2.59 2.24

CPU:total 8 (4 cores per cpu, 2 threads per core) family 6 model 58 stepping 9, cmov, cx8, fxsr, mmx, sse, sse2, sse3, ssse3, sse4.1, sse4.2, popcnt, avx, aes, erms, ht, tsc, tscinvbit, tscinv

Memory: 4k page, physical 8388608k(2097152k free)

/proc/meminfo:


vm_info: Java HotSpot(TM) 64-Bit Server VM (24.55-b03) for bsd-amd64 JRE (1.7.0_55-b13), built on Mar 17 2014 19:40:08 by "java_re" with gcc 4.2.1 (Based on Apple Inc. build 5658) (LLVM build 2336.11.00)

time: Thu Sep 17 13:44:49 2015
elapsed time: 8648 seconds

